action: GLOB, msg: packaging
cwd: /home/abdullah/Wanclouds/flask_boilerplate
cmd: /home/abdullah/Wanclouds/flask_boilerplate/venv/bin/python setup.py sdist --formats=zip --dist-dir .tox/dist
running sdist
running egg_info
writing src/flask_boilerplate.egg-info/PKG-INFO
writing dependency_links to src/flask_boilerplate.egg-info/dependency_links.txt
writing requirements to src/flask_boilerplate.egg-info/requires.txt
writing top-level names to src/flask_boilerplate.egg-info/top_level.txt
reading manifest file 'src/flask_boilerplate.egg-info/SOURCES.txt'
writing manifest file 'src/flask_boilerplate.egg-info/SOURCES.txt'
running check
creating flask_boilerplate-0.1
creating flask_boilerplate-0.1/src
creating flask_boilerplate-0.1/src/flask_boilerplate
creating flask_boilerplate-0.1/src/flask_boilerplate.egg-info
creating flask_boilerplate-0.1/src/flask_boilerplate/api
creating flask_boilerplate-0.1/src/flask_boilerplate/api/auth
creating flask_boilerplate-0.1/src/flask_boilerplate/api/widgets
creating flask_boilerplate-0.1/src/flask_boilerplate/models
creating flask_boilerplate-0.1/src/flask_boilerplate/util
copying files to flask_boilerplate-0.1...
copying README.md -> flask_boilerplate-0.1
copying pyproject.toml -> flask_boilerplate-0.1
copying setup.py -> flask_boilerplate-0.1
copying src/flask_boilerplate/__init__.py -> flask_boilerplate-0.1/src/flask_boilerplate
copying src/flask_boilerplate/config.py -> flask_boilerplate-0.1/src/flask_boilerplate
copying src/flask_boilerplate.egg-info/PKG-INFO -> flask_boilerplate-0.1/src/flask_boilerplate.egg-info
copying src/flask_boilerplate.egg-info/SOURCES.txt -> flask_boilerplate-0.1/src/flask_boilerplate.egg-info
copying src/flask_boilerplate.egg-info/dependency_links.txt -> flask_boilerplate-0.1/src/flask_boilerplate.egg-info
copying src/flask_boilerplate.egg-info/requires.txt -> flask_boilerplate-0.1/src/flask_boilerplate.egg-info
copying src/flask_boilerplate.egg-info/top_level.txt -> flask_boilerplate-0.1/src/flask_boilerplate.egg-info
copying src/flask_boilerplate/api/__init__.py -> flask_boilerplate-0.1/src/flask_boilerplate/api
copying src/flask_boilerplate/api/auth/__init__.py -> flask_boilerplate-0.1/src/flask_boilerplate/api/auth
copying src/flask_boilerplate/api/widgets/__init__.py -> flask_boilerplate-0.1/src/flask_boilerplate/api/widgets
copying src/flask_boilerplate/models/__init__.py -> flask_boilerplate-0.1/src/flask_boilerplate/models
copying src/flask_boilerplate/util/__init__.py -> flask_boilerplate-0.1/src/flask_boilerplate/util
copying src/flask_boilerplate/util/datetime_util.py -> flask_boilerplate-0.1/src/flask_boilerplate/util
copying src/flask_boilerplate/util/result.py -> flask_boilerplate-0.1/src/flask_boilerplate/util
Writing flask_boilerplate-0.1/setup.cfg
creating '.tox/dist/flask_boilerplate-0.1.zip' and adding 'flask_boilerplate-0.1' to it
adding 'flask_boilerplate-0.1'
adding 'flask_boilerplate-0.1/src'
adding 'flask_boilerplate-0.1/setup.cfg'
adding 'flask_boilerplate-0.1/README.md'
adding 'flask_boilerplate-0.1/PKG-INFO'
adding 'flask_boilerplate-0.1/pyproject.toml'
adding 'flask_boilerplate-0.1/setup.py'
adding 'flask_boilerplate-0.1/src/flask_boilerplate.egg-info'
adding 'flask_boilerplate-0.1/src/flask_boilerplate'
adding 'flask_boilerplate-0.1/src/flask_boilerplate.egg-info/PKG-INFO'
adding 'flask_boilerplate-0.1/src/flask_boilerplate.egg-info/SOURCES.txt'
adding 'flask_boilerplate-0.1/src/flask_boilerplate.egg-info/dependency_links.txt'
adding 'flask_boilerplate-0.1/src/flask_boilerplate.egg-info/requires.txt'
adding 'flask_boilerplate-0.1/src/flask_boilerplate.egg-info/top_level.txt'
adding 'flask_boilerplate-0.1/src/flask_boilerplate/util'
adding 'flask_boilerplate-0.1/src/flask_boilerplate/models'
adding 'flask_boilerplate-0.1/src/flask_boilerplate/api'
adding 'flask_boilerplate-0.1/src/flask_boilerplate/config.py'
adding 'flask_boilerplate-0.1/src/flask_boilerplate/__init__.py'
adding 'flask_boilerplate-0.1/src/flask_boilerplate/util/result.py'
adding 'flask_boilerplate-0.1/src/flask_boilerplate/util/datetime_util.py'
adding 'flask_boilerplate-0.1/src/flask_boilerplate/util/__init__.py'
adding 'flask_boilerplate-0.1/src/flask_boilerplate/models/__init__.py'
adding 'flask_boilerplate-0.1/src/flask_boilerplate/api/widgets'
adding 'flask_boilerplate-0.1/src/flask_boilerplate/api/auth'
adding 'flask_boilerplate-0.1/src/flask_boilerplate/api/__init__.py'
adding 'flask_boilerplate-0.1/src/flask_boilerplate/api/widgets/__init__.py'
adding 'flask_boilerplate-0.1/src/flask_boilerplate/api/auth/__init__.py'
removing 'flask_boilerplate-0.1' (and everything under it)
